<?xml version="1.0" encoding="UTF-8"?>
<testsuite xmlns:xsi="http://www.w3.org/2001/XMLSchema-instance" xsi:noNamespaceSchemaLocation="https://maven.apache.org/surefire/maven-surefire-plugin/xsd/surefire-test-report-3.0.xsd" version="3.0" name="com.financetracker.finance.FinanceApplicationTests" time="63.748" tests="1" errors="0" skipped="0" failures="0">
  <properties>
[...]
</properties>
  <testcase name="contextLoads" classname="com.financetracker.finance.FinanceApplicationTests" time="4.341">
    <system-out><![CDATA[16:17:56.875 [main] INFO org.springframework.test.context.support.AnnotationConfigContextLoaderUtils -- Could not detect default configuration classes for test class [com.financetracker.finance.FinanceApplicationTests]: FinanceApplicationTests does not declare any static, non-private, non-final, nested classes annotated with @Configuration.
16:17:58.186 [main] INFO org.springframework.boot.test.context.SpringBootTestContextBootstrapper -- Found @SpringBootConfiguration com.financetracker.finance.FinanceApplication for test class com.financetracker.finance.FinanceApplicationTests
16:18:00.414 [main] INFO org.springframework.boot.devtools.restart.RestartApplicationListener -- Restart disabled due to context in which it is running

  .   ____          _            __ _ _
 /\\ / ___'_ __ _ _(_)_ __  __ _ \ \ \ \
( ( )\___ | '_ | '_| | '_ \/ _` | \ \ \ \
 \\/  ___)| |_)| | | | | || (_| |  ) ) ) )
  '  |____| .__|_| |_|_| |_\__, | / / / /
 =========|_|==============|___/=/_/_/_/
 :: Spring Boot ::                (v3.1.5)

2023-11-07T16:18:03.825Z  INFO 11428 --- [           main] c.f.finance.FinanceApplicationTests      : Starting FinanceApplicationTests using Java 20.0.1 with PID 11428 (started by FRANK in C:\Users\FRANK\devProjects\finance-tracker\backend\finance)
2023-11-07T16:18:03.831Z  INFO 11428 --- [           main] c.f.finance.FinanceApplicationTests      : No active profile set, falling back to 1 default profile: "default"
2023-11-07T16:18:16.400Z  INFO 11428 --- [           main] .s.d.r.c.RepositoryConfigurationDelegate : Bootstrapping Spring Data JPA repositories in DEFAULT mode.
2023-11-07T16:18:16.920Z  INFO 11428 --- [           main] .s.d.r.c.RepositoryConfigurationDelegate : Finished Spring Data repository scanning in 383 ms. Found 4 JPA repository interfaces.
2023-11-07T16:18:20.947Z  INFO 11428 --- [           main] o.hibernate.jpa.internal.util.LogHelper  : HHH000204: Processing PersistenceUnitInfo [name: default]
2023-11-07T16:18:21.402Z  INFO 11428 --- [           main] org.hibernate.Version                    : HHH000412: Hibernate ORM core version 6.2.13.Final
2023-11-07T16:18:21.412Z  INFO 11428 --- [           main] org.hibernate.cfg.Environment            : HHH000406: Using bytecode reflection optimizer
2023-11-07T16:18:24.283Z  INFO 11428 --- [           main] o.s.o.j.p.SpringPersistenceUnitInfo      : No LoadTimeWeaver setup: ignoring JPA class transformer
2023-11-07T16:18:24.577Z  INFO 11428 --- [           main] com.zaxxer.hikari.HikariDataSource       : HikariPool-1 - Starting...
2023-11-07T16:18:35.568Z  INFO 11428 --- [           main] com.zaxxer.hikari.pool.HikariPool        : HikariPool-1 - Added connection com.mysql.cj.jdbc.ConnectionImpl@2c0dca15
2023-11-07T16:18:35.622Z  INFO 11428 --- [           main] com.zaxxer.hikari.HikariDataSource       : HikariPool-1 - Start completed.
2023-11-07T16:18:42.491Z  INFO 11428 --- [           main] o.h.e.t.j.p.i.JtaPlatformInitiator       : HHH000489: No JTA platform available (set 'hibernate.transaction.jta.platform' to enable JTA platform integration)
2023-11-07T16:18:45.472Z  INFO 11428 --- [           main] j.LocalContainerEntityManagerFactoryBean : Initialized JPA EntityManagerFactory for persistence unit 'default'
2023-11-07T16:18:48.938Z  WARN 11428 --- [           main] JpaBaseConfiguration$JpaWebConfiguration : spring.jpa.open-in-view is enabled by default. Therefore, database queries may be performed during view rendering. Explicitly configure spring.jpa.open-in-view to disable this warning
2023-11-07T16:18:50.004Z  INFO 11428 --- [           main] o.s.b.a.w.s.WelcomePageHandlerMapping    : Adding welcome page template: index
2023-11-07T16:18:52.299Z  INFO 11428 --- [           main] o.s.b.a.e.web.EndpointLinksResolver      : Exposing 1 endpoint(s) beneath base path '/actuator'
2023-11-07T16:18:52.715Z  INFO 11428 --- [           main] c.f.finance.FinanceApplicationTests      : Started FinanceApplicationTests in 52.442 seconds (process running for 66.7)
]]></system-out>
  </testcase>
</testsuite>